<?xml version="1.0" encoding="UTF-8"?>
<testng-results ignored="0" total="1" passed="1" failed="0" skipped="0">
  <reporter-output>
  </reporter-output>
  <suite started-at="2020-10-12T18:57:02 IST" name="Default suite" finished-at="2020-10-12T18:57:41 IST" duration-ms="39919">
    <groups>
    </groups>
    <test started-at="2020-10-12T18:57:02 IST" name="Default test" finished-at="2020-10-12T18:57:41 IST" duration-ms="39919">
      <class name="org.qa.testcasesforbasepages.HomePageTestcases">
        <test-method is-config="true" signature="setup()[pri:0, instance:org.qa.testcasesforbasepages.HomePageTestcases@7671cb68]" started-at="2020-10-12T18:57:02 IST" name="setup" finished-at="2020-10-12T18:57:32 IST" duration-ms="30686" status="PASS">
          <reporter-output>
          </reporter-output>
        </test-method> <!-- setup -->
        <test-method signature="navigate_userspagetestcase()[pri:0, instance:org.qa.testcasesforbasepages.HomePageTestcases@7671cb68]" started-at="2020-10-12T18:57:32 IST" name="navigate_userspagetestcase" finished-at="2020-10-12T18:57:40 IST" duration-ms="8175" status="PASS">
          <reporter-output>
          </reporter-output>
        </test-method> <!-- navigate_userspagetestcase -->
        <test-method is-config="true" signature="teardown()[pri:0, instance:org.qa.testcasesforbasepages.HomePageTestcases@7671cb68]" started-at="2020-10-12T18:57:40 IST" name="teardown" finished-at="2020-10-12T18:57:41 IST" duration-ms="946" status="PASS">
          <reporter-output>
          </reporter-output>
        </test-method> <!-- teardown -->
      </class> <!-- org.qa.testcasesforbasepages.HomePageTestcases -->
    </test> <!-- Default test -->
  </suite> <!-- Default suite -->
</testng-results>
